f:\repo\plane_assignment\hierarchy\debug\heightmap.obj
f:\repo\plane_assignment\hierarchy\debug\bullet.obj
f:\repo\plane_assignment\hierarchy\debug\application.obj
f:\repo\plane_assignment\hierarchy\debug\aeroplane.obj
f:\repo\plane_assignment\hierarchy\debug\vc141.pdb
f:\repositories\uni - projects\plane_assignment\hierarchy\debug\vc141.pdb
f:\repositories\uni - projects\plane_assignment\hierarchy\debug\vc141.idb
f:\repositories\uni - projects\plane_assignment\hierarchy\debug\heightmap.obj
f:\repositories\uni - projects\plane_assignment\hierarchy\debug\bullet.obj
f:\repositories\uni - projects\plane_assignment\hierarchy\debug\application.obj
f:\repositories\uni - projects\plane_assignment\hierarchy\debug\aeroplane.obj
f:\repo\plane_assignment\debug\hierarchy.exe
f:\repo\plane_assignment\debug\hierarchy.ilk
f:\repo\plane_assignment\debug\hierarchy.pdb
f:\repositories\uni - projects\plane_assignment\debug\hierarchy.ilk
f:\repositories\uni - projects\plane_assignment\debug\hierarchy.exe
f:\repositories\uni - projects\plane_assignment\debug\hierarchy.pdb
f:\repositories\uni - projects\plane_assignment\hierarchy\debug\hierarchy.tlog\cl.command.1.tlog
f:\repositories\uni - projects\plane_assignment\hierarchy\debug\hierarchy.tlog\cl.read.1.tlog
f:\repositories\uni - projects\plane_assignment\hierarchy\debug\hierarchy.tlog\cl.write.1.tlog
f:\repositories\uni - projects\plane_assignment\hierarchy\debug\hierarchy.tlog\link.command.1.tlog
f:\repositories\uni - projects\plane_assignment\hierarchy\debug\hierarchy.tlog\link.read.1.tlog
f:\repositories\uni - projects\plane_assignment\hierarchy\debug\hierarchy.tlog\link.write.1.tlog
